<?xml version="1.0" encoding="UTF-8"?>
<testng-results skipped="0" failed="0" ignored="0" total="1" passed="1">
  <reporter-output>
  </reporter-output>
  <suite name="Default suite" duration-ms="29559" started-at="2020-08-25T22:12:13 EDT" finished-at="2020-08-25T22:12:43 EDT">
    <groups>
    </groups>
    <test name="Default test" duration-ms="29559" started-at="2020-08-25T22:12:13 EDT" finished-at="2020-08-25T22:12:43 EDT">
      <class name="interfacePack.TC001_DeleteLead">
        <test-method status="PASS" signature="tcdelete()[pri:0, instance:interfacePack.TC001_DeleteLead@2b552920]" name="tcdelete" duration-ms="29458" started-at="2020-08-25T22:12:13 EDT" finished-at="2020-08-25T22:12:43 EDT">
          <reporter-output>
          </reporter-output>
        </test-method> <!-- tcdelete -->
      </class> <!-- interfacePack.TC001_DeleteLead -->
    </test> <!-- Default test -->
  </suite> <!-- Default suite -->
</testng-results>
