<?xml version="1.0" encoding="UTF-8"?>
<!-- Generated by org.testng.reporters.JUnitXMLReporter -->
<testsuite hostname="sumaiya" ignored="0" name="Test" tests="4" failures="0" timestamp="2020-08-19T17:27:44 EDT" time="115.124" errors="0">
  <testcase name="tastcase" time="9.346" classname="parameterizationPractice.PR1TestCase"/>
  <testcase name="tastcase" time="9.259" classname="parameterizationPractice.PR1TestCase"/>
  <testcase name="tastcase" time="7.32" classname="parameterizationPractice.PR1TestCase"/>
  <testcase name="tastcase" time="7.217" classname="parameterizationPractice.PR1TestCase"/>
</testsuite> <!-- Test -->
